# JRE version: Java(TM) SE Runtime Environment (17.0.12+8) (build 17.0.12+8-LTS-286)
# Java VM: Java HotSpot(TM) 64-Bit Server VM (17.0.12+8-LTS-286, mixed mode, sharing, tiered, compressed oops, compressed class ptrs, g1 gc, windows-amd64)
GC Precious Log:
 CPUs: 22 total, 22 available
 Memory: 15799M
 Large Page Support: Disabled
 NUMA Support: Disabled
 Compressed Oops: Enabled (Zero based)
 Heap Region Size: 2M
 Heap Min Capacity: 8M
 Heap Initial Capacity: 248M
 Heap Max Capacity: 3950M
 Pre-touch: Disabled
 Parallel Workers: 16
 Concurrent Workers: 4
 Concurrent Refinement Workers: 16
 Periodic GC: Disabled
Heap:
 garbage-first heap   total 329728K, used 152937K [0x0000000709200000, 0x0000000800000000)
  region size 2048K, 37 young (75776K), 1 survivors (2048K)
 Metaspace       used 79988K, committed 80576K, reserved 1179648K
  class space    used 11268K, committed 11520K, reserved 1048576K
GC Heap History (20 events):
Event: 8.693 GC heap before
{Heap before GC invocations=13 (full 0):
 garbage-first heap   total 61440K, used 45803K [0x0000000709200000, 0x0000000800000000)
  region size 2048K, 11 young (22528K), 2 survivors (4096K)
 Metaspace       used 59601K, committed 60096K, reserved 1114112K
  class space    used 8155K, committed 8384K, reserved 1048576K
}
Event: 8.697 GC heap after
{Heap after GC invocations=14 (full 0):
 garbage-first heap   total 61440K, used 28098K [0x0000000709200000, 0x0000000800000000)
  region size 2048K, 1 young (2048K), 1 survivors (2048K)
 Metaspace       used 59601K, committed 60096K, reserved 1114112K
  class space    used 8155K, committed 8384K, reserved 1048576K
}
Event: 8.878 GC heap before
{Heap before GC invocations=14 (full 0):
 garbage-first heap   total 61440K, used 38338K [0x0000000709200000, 0x0000000800000000)
  region size 2048K, 7 young (14336K), 1 survivors (2048K)
 Metaspace       used 59965K, committed 60416K, reserved 1114112K
  class space    used 8178K, committed 8384K, reserved 1048576K
}
Event: 8.880 GC heap after
{Heap after GC invocations=15 (full 0):
 garbage-first heap   total 61440K, used 28042K [0x0000000709200000, 0x0000000800000000)
  region size 2048K, 1 young (2048K), 1 survivors (2048K)
 Metaspace       used 59965K, committed 60416K, reserved 1114112K
  class space    used 8178K, committed 8384K, reserved 1048576K
}
Event: 14.557 GC heap before
{Heap before GC invocations=16 (full 0):
 garbage-first heap   total 61440K, used 46474K [0x0000000709200000, 0x0000000800000000)
  region size 2048K, 11 young (22528K), 1 survivors (2048K)
 Metaspace       used 64188K, committed 64768K, reserved 1114112K
  class space    used 8832K, committed 9088K, reserved 1048576K
}
Event: 14.561 GC heap after
{Heap after GC invocations=17 (full 0):
 garbage-first heap   total 157696K, used 29167K [0x0000000709200000, 0x0000000800000000)
  region size 2048K, 2 young (4096K), 2 survivors (4096K)
 Metaspace       used 64188K, committed 64768K, reserved 1114112K
  class space    used 8832K, committed 9088K, reserved 1048576K
}
Event: 16.009 GC heap before
{Heap before GC invocations=17 (full 0):
 garbage-first heap   total 157696K, used 119279K [0x0000000709200000, 0x0000000800000000)
  region size 2048K, 46 young (94208K), 2 survivors (4096K)
 Metaspace       used 70517K, committed 70976K, reserved 1114112K
  class space    used 9840K, committed 10048K, reserved 1048576K
}
Event: 16.020 GC heap after
{Heap after GC invocations=18 (full 0):
 garbage-first heap   total 157696K, used 46719K [0x0000000709200000, 0x0000000800000000)
  region size 2048K, 6 young (12288K), 6 survivors (12288K)
 Metaspace       used 70517K, committed 70976K, reserved 1114112K
  class space    used 9840K, committed 10048K, reserved 1048576K
}
Event: 16.446 GC heap before
{Heap before GC invocations=18 (full 0):
 garbage-first heap   total 157696K, used 114303K [0x0000000709200000, 0x0000000800000000)
  region size 2048K, 39 young (79872K), 6 survivors (12288K)
 Metaspace       used 72540K, committed 73088K, reserved 1114112K
  class space    used 10274K, committed 10496K, reserved 1048576K
}
Event: 16.452 GC heap after
{Heap after GC invocations=19 (full 0):
 garbage-first heap   total 157696K, used 50552K [0x0000000709200000, 0x0000000800000000)
  region size 2048K, 2 young (4096K), 2 survivors (4096K)
 Metaspace       used 72540K, committed 73088K, reserved 1114112K
  class space    used 10274K, committed 10496K, reserved 1048576K
}
Event: 17.093 GC heap before
{Heap before GC invocations=19 (full 0):
 garbage-first heap   total 157696K, used 118136K [0x0000000709200000, 0x0000000800000000)
  region size 2048K, 35 young (71680K), 2 survivors (4096K)
 Metaspace       used 75708K, committed 76352K, reserved 1179648K
  class space    used 10739K, committed 11072K, reserved 1048576K
}
Event: 17.100 GC heap after
{Heap after GC invocations=20 (full 0):
 garbage-first heap   total 157696K, used 63151K [0x0000000709200000, 0x0000000800000000)
  region size 2048K, 5 young (10240K), 5 survivors (10240K)
 Metaspace       used 75708K, committed 76352K, reserved 1179648K
  class space    used 10739K, committed 11072K, reserved 1048576K
}
Event: 17.237 GC heap before
{Heap before GC invocations=20 (full 0):
 garbage-first heap   total 157696K, used 114351K [0x0000000709200000, 0x0000000800000000)
  region size 2048K, 30 young (61440K), 5 survivors (10240K)
 Metaspace       used 75708K, committed 76352K, reserved 1179648K
  class space    used 10739K, committed 11072K, reserved 1048576K
}
Event: 17.245 GC heap after
{Heap after GC invocations=21 (full 0):
 garbage-first heap   total 157696K, used 79875K [0x0000000709200000, 0x0000000800000000)
  region size 2048K, 4 young (8192K), 4 survivors (8192K)
 Metaspace       used 75708K, committed 76352K, reserved 1179648K
  class space    used 10739K, committed 11072K, reserved 1048576K
}
Event: 17.325 GC heap before
{Heap before GC invocations=21 (full 0):
 garbage-first heap   total 157696K, used 112643K [0x0000000709200000, 0x0000000800000000)
  region size 2048K, 20 young (40960K), 4 survivors (8192K)
 Metaspace       used 75714K, committed 76352K, reserved 1179648K
  class space    used 10739K, committed 11072K, reserved 1048576K
}
Event: 17.330 GC heap after
{Heap after GC invocations=22 (full 0):
 garbage-first heap   total 157696K, used 87424K [0x0000000709200000, 0x0000000800000000)
  region size 2048K, 3 young (6144K), 3 survivors (6144K)
 Metaspace       used 75714K, committed 76352K, reserved 1179648K
  class space    used 10739K, committed 11072K, reserved 1048576K
}
Event: 17.413 GC heap before
{Heap before GC invocations=23 (full 0):
 garbage-first heap   total 172032K, used 114048K [0x0000000709200000, 0x0000000800000000)
  region size 2048K, 18 young (36864K), 3 survivors (6144K)
 Metaspace       used 75710K, committed 76416K, reserved 1179648K
  class space    used 10737K, committed 11072K, reserved 1048576K
}
Event: 17.417 GC heap after
{Heap after GC invocations=24 (full 0):
 garbage-first heap   total 172032K, used 85426K [0x0000000709200000, 0x0000000800000000)
  region size 2048K, 3 young (6144K), 3 survivors (6144K)
 Metaspace       used 75710K, committed 76416K, reserved 1179648K
  class space    used 10737K, committed 11072K, reserved 1048576K
}
Event: 17.420 GC heap before
{Heap before GC invocations=24 (full 0):
 garbage-first heap   total 172032K, used 87474K [0x0000000709200000, 0x0000000800000000)
  region size 2048K, 4 young (8192K), 3 survivors (6144K)
 Metaspace       used 75710K, committed 76416K, reserved 1179648K
  class space    used 10737K, committed 11072K, reserved 1048576K
}
Event: 17.424 GC heap after
{Heap after GC invocations=25 (full 0):
 garbage-first heap   total 329728K, used 81257K [0x0000000709200000, 0x0000000800000000)
  region size 2048K, 1 young (2048K), 1 survivors (2048K)
 Metaspace       used 75710K, committed 76416K, reserved 1179648K
  class space    used 10737K, committed 11072K, reserved 1048576K
}

